LINE 486 : 2019-02-01 02:05:51,573 [INFO    ] Parsing data files for GSEA.............................
LINE 208 : 2019-02-01 02:05:51,607 [DEBUG   ] Starting new HTTP connection (1): amp.pharm.mssm.edu
LINE 396 : 2019-02-01 02:05:51,821 [DEBUG   ] http://amp.pharm.mssm.edu:80 "GET /Enrichr/datasetStatistics HTTP/1.1" 200 None
LINE 164 : 2019-02-01 02:05:51,867 [INFO    ] Downloading and generating Enrichr library gene sets......
LINE 169 : 2019-02-01 02:05:51,868 [INFO    ] Enrichr library gene sets already downloaded, use local file
LINE 150 : 2019-02-01 02:05:51,869 [INFO    ] User Defined gene sets is given.......continue..........
LINE 136 : 2019-02-01 02:06:06,179 [INFO    ] 4806 gene_sets have been filtered out when max_size=500 and min_size=15
LINE 490 : 2019-02-01 02:06:06,179 [INFO    ] 0297 gene_sets used for further statistical testing.....
LINE 491 : 2019-02-01 02:06:06,179 [INFO    ] Start to run GSEA...Might take a while..................
LINE 457 : 2019-02-01 02:06:06,179 [DEBUG   ] Start to compute enrichment scores......................
LINE 481 : 2019-02-01 02:06:06,180 [DEBUG   ] Start to compute es and esnulls........................
LINE 565 : 2019-02-01 02:06:36,483 [DEBUG   ] Start to compute pvals..................................
LINE 587 : 2019-02-01 02:06:36,509 [DEBUG   ] Compute normalized enrichment score and normalized esnull
LINE 603 : 2019-02-01 02:06:36,624 [DEBUG   ] start to compute fdrs..................................
LINE 637 : 2019-02-01 02:06:36,942 [DEBUG   ] Statistical testing finished.............................
LINE 499 : 2019-02-01 02:06:36,943 [INFO    ] Start to generate gseapy reports, and produce figures...
LINE 1343: 2019-02-01 02:06:38,077 [DEBUG   ] findfont: Matching :family=sans-serif:style=normal:variant=normal:weight=normal:stretch=normal:size=10.0 to DejaVu Sans ('/home/felipe/anaconda3/lib/python3.6/site-packages/matplotlib/mpl-data/fonts/ttf/DejaVuSans.ttf') with score of 0.050000
LINE 1343: 2019-02-01 02:06:38,089 [DEBUG   ] findfont: Matching :family=sans-serif:style=normal:variant=normal:weight=normal:stretch=normal:size=10.0 to DejaVu Sans ('/home/felipe/anaconda3/lib/python3.6/site-packages/matplotlib/mpl-data/fonts/ttf/DejaVuSans.ttf') with score of 0.050000
LINE 1343: 2019-02-01 02:06:38,094 [DEBUG   ] findfont: Matching :family=sans-serif:style=normal:variant=normal:weight=normal:stretch=normal:size=10.0 to DejaVu Sans ('/home/felipe/anaconda3/lib/python3.6/site-packages/matplotlib/mpl-data/fonts/ttf/DejaVuSans.ttf') with score of 0.050000
LINE 1343: 2019-02-01 02:06:38,381 [DEBUG   ] findfont: Matching :family=sans-serif:style=normal:variant=normal:weight=normal:stretch=normal:size=14.0 to DejaVu Sans ('/home/felipe/anaconda3/lib/python3.6/site-packages/matplotlib/mpl-data/fonts/ttf/DejaVuSans.ttf') with score of 0.050000
LINE 1343: 2019-02-01 02:06:38,383 [DEBUG   ] findfont: Matching :family=sans-serif:style=normal:variant=normal:weight=normal:stretch=normal:size=14.0 to DejaVu Sans ('/home/felipe/anaconda3/lib/python3.6/site-packages/matplotlib/mpl-data/fonts/ttf/DejaVuSans.ttf') with score of 0.050000
LINE 1343: 2019-02-01 02:06:38,400 [DEBUG   ] findfont: Matching :family=sans-serif:style=normal:variant=normal:weight=normal:stretch=normal:size=14.0 to DejaVu Sans ('/home/felipe/anaconda3/lib/python3.6/site-packages/matplotlib/mpl-data/fonts/ttf/DejaVuSans.ttf') with score of 0.050000
LINE 1343: 2019-02-01 02:06:38,673 [DEBUG   ] findfont: Matching :family=sans-serif:style=normal:variant=normal:weight=bold:stretch=normal:size=16.0 to DejaVu Sans ('/home/felipe/anaconda3/lib/python3.6/site-packages/matplotlib/mpl-data/fonts/ttf/DejaVuSans-Bold.ttf') with score of 0.000000
LINE 1343: 2019-02-01 02:06:38,741 [DEBUG   ] findfont: Matching :family=sans-serif:style=normal:variant=normal:weight=bold:stretch=normal:size=16.0 to DejaVu Sans ('/home/felipe/anaconda3/lib/python3.6/site-packages/matplotlib/mpl-data/fonts/ttf/DejaVuSans-Bold.ttf') with score of 0.000000
LINE 1343: 2019-02-01 02:06:38,756 [DEBUG   ] findfont: Matching :family=sans-serif:style=normal:variant=normal:weight=bold:stretch=normal:size=16.0 to DejaVu Sans ('/home/felipe/anaconda3/lib/python3.6/site-packages/matplotlib/mpl-data/fonts/ttf/DejaVuSans-Bold.ttf') with score of 0.000000
LINE 511 : 2019-02-01 02:06:48,845 [INFO    ] Congratulations. GSEApy run successfully................

LINE 486 : 2019-02-01 02:06:48,854 [INFO    ] Parsing data files for GSEA.............................
LINE 208 : 2019-02-01 02:06:48,858 [DEBUG   ] Starting new HTTP connection (1): amp.pharm.mssm.edu
LINE 396 : 2019-02-01 02:06:49,047 [DEBUG   ] http://amp.pharm.mssm.edu:80 "GET /Enrichr/datasetStatistics HTTP/1.1" 200 None
LINE 164 : 2019-02-01 02:06:49,098 [INFO    ] Downloading and generating Enrichr library gene sets......
LINE 169 : 2019-02-01 02:06:49,098 [INFO    ] Enrichr library gene sets already downloaded, use local file
LINE 150 : 2019-02-01 02:06:49,098 [INFO    ] User Defined gene sets is given.......continue..........
LINE 136 : 2019-02-01 02:07:00,821 [INFO    ] 4859 gene_sets have been filtered out when max_size=500 and min_size=15
LINE 490 : 2019-02-01 02:07:00,821 [INFO    ] 0244 gene_sets used for further statistical testing.....
LINE 491 : 2019-02-01 02:07:00,821 [INFO    ] Start to run GSEA...Might take a while..................
LINE 457 : 2019-02-01 02:07:00,821 [DEBUG   ] Start to compute enrichment scores......................
LINE 481 : 2019-02-01 02:07:00,821 [DEBUG   ] Start to compute es and esnulls........................
LINE 565 : 2019-02-01 02:07:27,069 [DEBUG   ] Start to compute pvals..................................
LINE 587 : 2019-02-01 02:07:27,085 [DEBUG   ] Compute normalized enrichment score and normalized esnull
LINE 603 : 2019-02-01 02:07:27,091 [DEBUG   ] start to compute fdrs..................................
LINE 637 : 2019-02-01 02:07:27,125 [DEBUG   ] Statistical testing finished.............................
LINE 499 : 2019-02-01 02:07:27,126 [INFO    ] Start to generate gseapy reports, and produce figures...
LINE 1343: 2019-02-01 02:07:27,399 [DEBUG   ] findfont: Matching :family=sans-serif:style=normal:variant=normal:weight=normal:stretch=normal:size=10.0 to DejaVu Sans ('/home/felipe/anaconda3/lib/python3.6/site-packages/matplotlib/mpl-data/fonts/ttf/DejaVuSans.ttf') with score of 0.050000
LINE 1343: 2019-02-01 02:07:27,428 [DEBUG   ] findfont: Matching :family=sans-serif:style=normal:variant=normal:weight=normal:stretch=normal:size=10.0 to DejaVu Sans ('/home/felipe/anaconda3/lib/python3.6/site-packages/matplotlib/mpl-data/fonts/ttf/DejaVuSans.ttf') with score of 0.050000
LINE 1343: 2019-02-01 02:07:27,431 [DEBUG   ] findfont: Matching :family=sans-serif:style=normal:variant=normal:weight=normal:stretch=normal:size=14.0 to DejaVu Sans ('/home/felipe/anaconda3/lib/python3.6/site-packages/matplotlib/mpl-data/fonts/ttf/DejaVuSans.ttf') with score of 0.050000
LINE 1343: 2019-02-01 02:07:27,450 [DEBUG   ] findfont: Matching :family=sans-serif:style=normal:variant=normal:weight=normal:stretch=normal:size=10.0 to DejaVu Sans ('/home/felipe/anaconda3/lib/python3.6/site-packages/matplotlib/mpl-data/fonts/ttf/DejaVuSans.ttf') with score of 0.050000
LINE 1343: 2019-02-01 02:07:27,477 [DEBUG   ] findfont: Matching :family=sans-serif:style=normal:variant=normal:weight=normal:stretch=normal:size=14.0 to DejaVu Sans ('/home/felipe/anaconda3/lib/python3.6/site-packages/matplotlib/mpl-data/fonts/ttf/DejaVuSans.ttf') with score of 0.050000
LINE 1343: 2019-02-01 02:07:27,499 [DEBUG   ] findfont: Matching :family=sans-serif:style=normal:variant=normal:weight=normal:stretch=normal:size=14.0 to DejaVu Sans ('/home/felipe/anaconda3/lib/python3.6/site-packages/matplotlib/mpl-data/fonts/ttf/DejaVuSans.ttf') with score of 0.050000
LINE 1343: 2019-02-01 02:07:27,716 [DEBUG   ] findfont: Matching :family=sans-serif:style=normal:variant=normal:weight=bold:stretch=normal:size=16.0 to DejaVu Sans ('/home/felipe/anaconda3/lib/python3.6/site-packages/matplotlib/mpl-data/fonts/ttf/DejaVuSans-Bold.ttf') with score of 0.000000
LINE 1343: 2019-02-01 02:07:27,863 [DEBUG   ] findfont: Matching :family=sans-serif:style=normal:variant=normal:weight=bold:stretch=normal:size=16.0 to DejaVu Sans ('/home/felipe/anaconda3/lib/python3.6/site-packages/matplotlib/mpl-data/fonts/ttf/DejaVuSans-Bold.ttf') with score of 0.000000
LINE 1343: 2019-02-01 02:07:27,948 [DEBUG   ] findfont: Matching :family=sans-serif:style=normal:variant=normal:weight=bold:stretch=normal:size=16.0 to DejaVu Sans ('/home/felipe/anaconda3/lib/python3.6/site-packages/matplotlib/mpl-data/fonts/ttf/DejaVuSans-Bold.ttf') with score of 0.000000
LINE 511 : 2019-02-01 02:07:37,879 [INFO    ] Congratulations. GSEApy run successfully................

LINE 486 : 2019-02-01 02:07:37,893 [INFO    ] Parsing data files for GSEA.............................
LINE 208 : 2019-02-01 02:07:37,896 [DEBUG   ] Starting new HTTP connection (1): amp.pharm.mssm.edu
LINE 396 : 2019-02-01 02:07:38,081 [DEBUG   ] http://amp.pharm.mssm.edu:80 "GET /Enrichr/datasetStatistics HTTP/1.1" 200 None
LINE 164 : 2019-02-01 02:07:38,127 [INFO    ] Downloading and generating Enrichr library gene sets......
LINE 169 : 2019-02-01 02:07:38,127 [INFO    ] Enrichr library gene sets already downloaded, use local file
LINE 150 : 2019-02-01 02:07:38,128 [INFO    ] User Defined gene sets is given.......continue..........
LINE 136 : 2019-02-01 02:08:13,217 [INFO    ] 4058 gene_sets have been filtered out when max_size=500 and min_size=15
LINE 490 : 2019-02-01 02:08:13,217 [INFO    ] 1045 gene_sets used for further statistical testing.....
LINE 491 : 2019-02-01 02:08:13,218 [INFO    ] Start to run GSEA...Might take a while..................
LINE 457 : 2019-02-01 02:08:13,218 [DEBUG   ] Start to compute enrichment scores......................
LINE 481 : 2019-02-01 02:08:13,219 [DEBUG   ] Start to compute es and esnulls........................
LINE 565 : 2019-02-01 02:14:40,619 [DEBUG   ] Start to compute pvals..................................
LINE 587 : 2019-02-01 02:14:40,701 [DEBUG   ] Compute normalized enrichment score and normalized esnull
LINE 603 : 2019-02-01 02:14:40,725 [DEBUG   ] start to compute fdrs..................................
LINE 637 : 2019-02-01 02:14:40,886 [DEBUG   ] Statistical testing finished.............................
LINE 499 : 2019-02-01 02:14:40,889 [INFO    ] Start to generate gseapy reports, and produce figures...
LINE 1343: 2019-02-01 02:14:41,386 [DEBUG   ] findfont: Matching :family=sans-serif:style=normal:variant=normal:weight=normal:stretch=normal:size=10.0 to DejaVu Sans ('/home/felipe/anaconda3/lib/python3.6/site-packages/matplotlib/mpl-data/fonts/ttf/DejaVuSans.ttf') with score of 0.050000
LINE 1343: 2019-02-01 02:14:41,412 [DEBUG   ] findfont: Matching :family=sans-serif:style=normal:variant=normal:weight=normal:stretch=normal:size=10.0 to DejaVu Sans ('/home/felipe/anaconda3/lib/python3.6/site-packages/matplotlib/mpl-data/fonts/ttf/DejaVuSans.ttf') with score of 0.050000
LINE 1343: 2019-02-01 02:14:41,424 [DEBUG   ] findfont: Matching :family=sans-serif:style=normal:variant=normal:weight=normal:stretch=normal:size=10.0 to DejaVu Sans ('/home/felipe/anaconda3/lib/python3.6/site-packages/matplotlib/mpl-data/fonts/ttf/DejaVuSans.ttf') with score of 0.050000
LINE 1343: 2019-02-01 02:14:41,495 [DEBUG   ] findfont: Matching :family=sans-serif:style=normal:variant=normal:weight=normal:stretch=normal:size=14.0 to DejaVu Sans ('/home/felipe/anaconda3/lib/python3.6/site-packages/matplotlib/mpl-data/fonts/ttf/DejaVuSans.ttf') with score of 0.050000
LINE 1343: 2019-02-01 02:14:41,505 [DEBUG   ] findfont: Matching :family=sans-serif:style=normal:variant=normal:weight=normal:stretch=normal:size=14.0 to DejaVu Sans ('/home/felipe/anaconda3/lib/python3.6/site-packages/matplotlib/mpl-data/fonts/ttf/DejaVuSans.ttf') with score of 0.050000
LINE 1343: 2019-02-01 02:14:41,505 [DEBUG   ] findfont: Matching :family=sans-serif:style=normal:variant=normal:weight=normal:stretch=normal:size=14.0 to DejaVu Sans ('/home/felipe/anaconda3/lib/python3.6/site-packages/matplotlib/mpl-data/fonts/ttf/DejaVuSans.ttf') with score of 0.050000
LINE 1343: 2019-02-01 02:14:41,684 [DEBUG   ] findfont: Matching :family=sans-serif:style=normal:variant=normal:weight=bold:stretch=normal:size=16.0 to DejaVu Sans ('/home/felipe/anaconda3/lib/python3.6/site-packages/matplotlib/mpl-data/fonts/ttf/DejaVuSans-Bold.ttf') with score of 0.000000
LINE 1343: 2019-02-01 02:14:41,786 [DEBUG   ] findfont: Matching :family=sans-serif:style=normal:variant=normal:weight=bold:stretch=normal:size=16.0 to DejaVu Sans ('/home/felipe/anaconda3/lib/python3.6/site-packages/matplotlib/mpl-data/fonts/ttf/DejaVuSans-Bold.ttf') with score of 0.000000
LINE 1343: 2019-02-01 02:14:41,814 [DEBUG   ] findfont: Matching :family=sans-serif:style=normal:variant=normal:weight=bold:stretch=normal:size=16.0 to DejaVu Sans ('/home/felipe/anaconda3/lib/python3.6/site-packages/matplotlib/mpl-data/fonts/ttf/DejaVuSans-Bold.ttf') with score of 0.000000
LINE 511 : 2019-02-01 02:14:51,934 [INFO    ] Congratulations. GSEApy run successfully................

LINE 486 : 2019-02-01 02:14:51,943 [INFO    ] Parsing data files for GSEA.............................
LINE 208 : 2019-02-01 02:14:51,946 [DEBUG   ] Starting new HTTP connection (1): amp.pharm.mssm.edu
LINE 396 : 2019-02-01 02:14:52,135 [DEBUG   ] http://amp.pharm.mssm.edu:80 "GET /Enrichr/datasetStatistics HTTP/1.1" 200 None
LINE 164 : 2019-02-01 02:14:52,181 [INFO    ] Downloading and generating Enrichr library gene sets......
LINE 169 : 2019-02-01 02:14:52,181 [INFO    ] Enrichr library gene sets already downloaded, use local file
LINE 150 : 2019-02-01 02:14:52,182 [INFO    ] User Defined gene sets is given.......continue..........
LINE 136 : 2019-02-01 02:15:06,754 [INFO    ] 4822 gene_sets have been filtered out when max_size=500 and min_size=15
LINE 490 : 2019-02-01 02:15:06,754 [INFO    ] 0281 gene_sets used for further statistical testing.....
LINE 491 : 2019-02-01 02:15:06,754 [INFO    ] Start to run GSEA...Might take a while..................
LINE 457 : 2019-02-01 02:15:06,755 [DEBUG   ] Start to compute enrichment scores......................
LINE 481 : 2019-02-01 02:15:06,755 [DEBUG   ] Start to compute es and esnulls........................
LINE 565 : 2019-02-01 02:15:46,955 [DEBUG   ] Start to compute pvals..................................
LINE 587 : 2019-02-01 02:15:46,976 [DEBUG   ] Compute normalized enrichment score and normalized esnull
LINE 603 : 2019-02-01 02:15:46,983 [DEBUG   ] start to compute fdrs..................................
LINE 637 : 2019-02-01 02:15:47,022 [DEBUG   ] Statistical testing finished.............................
LINE 499 : 2019-02-01 02:15:47,024 [INFO    ] Start to generate gseapy reports, and produce figures...
LINE 1343: 2019-02-01 02:15:47,323 [DEBUG   ] findfont: Matching :family=sans-serif:style=normal:variant=normal:weight=normal:stretch=normal:size=10.0 to DejaVu Sans ('/home/felipe/anaconda3/lib/python3.6/site-packages/matplotlib/mpl-data/fonts/ttf/DejaVuSans.ttf') with score of 0.050000
LINE 1343: 2019-02-01 02:15:47,362 [DEBUG   ] findfont: Matching :family=sans-serif:style=normal:variant=normal:weight=normal:stretch=normal:size=14.0 to DejaVu Sans ('/home/felipe/anaconda3/lib/python3.6/site-packages/matplotlib/mpl-data/fonts/ttf/DejaVuSans.ttf') with score of 0.050000
LINE 1343: 2019-02-01 02:15:47,386 [DEBUG   ] findfont: Matching :family=sans-serif:style=normal:variant=normal:weight=normal:stretch=normal:size=10.0 to DejaVu Sans ('/home/felipe/anaconda3/lib/python3.6/site-packages/matplotlib/mpl-data/fonts/ttf/DejaVuSans.ttf') with score of 0.050000
LINE 1343: 2019-02-01 02:15:47,390 [DEBUG   ] findfont: Matching :family=sans-serif:style=normal:variant=normal:weight=normal:stretch=normal:size=10.0 to DejaVu Sans ('/home/felipe/anaconda3/lib/python3.6/site-packages/matplotlib/mpl-data/fonts/ttf/DejaVuSans.ttf') with score of 0.050000
LINE 1343: 2019-02-01 02:15:47,427 [DEBUG   ] findfont: Matching :family=sans-serif:style=normal:variant=normal:weight=normal:stretch=normal:size=14.0 to DejaVu Sans ('/home/felipe/anaconda3/lib/python3.6/site-packages/matplotlib/mpl-data/fonts/ttf/DejaVuSans.ttf') with score of 0.050000
LINE 1343: 2019-02-01 02:15:47,434 [DEBUG   ] findfont: Matching :family=sans-serif:style=normal:variant=normal:weight=normal:stretch=normal:size=14.0 to DejaVu Sans ('/home/felipe/anaconda3/lib/python3.6/site-packages/matplotlib/mpl-data/fonts/ttf/DejaVuSans.ttf') with score of 0.050000
LINE 1343: 2019-02-01 02:15:47,527 [DEBUG   ] findfont: Matching :family=sans-serif:style=normal:variant=normal:weight=bold:stretch=normal:size=16.0 to DejaVu Sans ('/home/felipe/anaconda3/lib/python3.6/site-packages/matplotlib/mpl-data/fonts/ttf/DejaVuSans-Bold.ttf') with score of 0.000000
LINE 1343: 2019-02-01 02:15:47,671 [DEBUG   ] findfont: Matching :family=sans-serif:style=normal:variant=normal:weight=bold:stretch=normal:size=16.0 to DejaVu Sans ('/home/felipe/anaconda3/lib/python3.6/site-packages/matplotlib/mpl-data/fonts/ttf/DejaVuSans-Bold.ttf') with score of 0.000000
LINE 1343: 2019-02-01 02:15:47,725 [DEBUG   ] findfont: Matching :family=sans-serif:style=normal:variant=normal:weight=bold:stretch=normal:size=16.0 to DejaVu Sans ('/home/felipe/anaconda3/lib/python3.6/site-packages/matplotlib/mpl-data/fonts/ttf/DejaVuSans-Bold.ttf') with score of 0.000000
LINE 511 : 2019-02-01 02:15:58,130 [INFO    ] Congratulations. GSEApy run successfully................

LINE 486 : 2019-02-01 02:15:58,143 [INFO    ] Parsing data files for GSEA.............................
LINE 208 : 2019-02-01 02:15:58,146 [DEBUG   ] Starting new HTTP connection (1): amp.pharm.mssm.edu
LINE 396 : 2019-02-01 02:15:58,331 [DEBUG   ] http://amp.pharm.mssm.edu:80 "GET /Enrichr/datasetStatistics HTTP/1.1" 200 None
LINE 164 : 2019-02-01 02:15:58,375 [INFO    ] Downloading and generating Enrichr library gene sets......
LINE 169 : 2019-02-01 02:15:58,375 [INFO    ] Enrichr library gene sets already downloaded, use local file
LINE 150 : 2019-02-01 02:15:58,376 [INFO    ] User Defined gene sets is given.......continue..........
LINE 136 : 2019-02-01 02:16:27,860 [INFO    ] 4163 gene_sets have been filtered out when max_size=500 and min_size=15
LINE 490 : 2019-02-01 02:16:27,861 [INFO    ] 0940 gene_sets used for further statistical testing.....
LINE 491 : 2019-02-01 02:16:27,861 [INFO    ] Start to run GSEA...Might take a while..................
LINE 457 : 2019-02-01 02:16:27,861 [DEBUG   ] Start to compute enrichment scores......................
LINE 481 : 2019-02-01 02:16:27,862 [DEBUG   ] Start to compute es and esnulls........................
LINE 565 : 2019-02-01 02:20:14,793 [DEBUG   ] Start to compute pvals..................................
LINE 587 : 2019-02-01 02:20:14,858 [DEBUG   ] Compute normalized enrichment score and normalized esnull
LINE 603 : 2019-02-01 02:20:14,880 [DEBUG   ] start to compute fdrs..................................
LINE 637 : 2019-02-01 02:20:15,035 [DEBUG   ] Statistical testing finished.............................
LINE 499 : 2019-02-01 02:20:15,039 [INFO    ] Start to generate gseapy reports, and produce figures...
LINE 1343: 2019-02-01 02:20:15,588 [DEBUG   ] findfont: Matching :family=sans-serif:style=normal:variant=normal:weight=normal:stretch=normal:size=10.0 to DejaVu Sans ('/home/felipe/anaconda3/lib/python3.6/site-packages/matplotlib/mpl-data/fonts/ttf/DejaVuSans.ttf') with score of 0.050000
LINE 1343: 2019-02-01 02:20:15,618 [DEBUG   ] findfont: Matching :family=sans-serif:style=normal:variant=normal:weight=normal:stretch=normal:size=10.0 to DejaVu Sans ('/home/felipe/anaconda3/lib/python3.6/site-packages/matplotlib/mpl-data/fonts/ttf/DejaVuSans.ttf') with score of 0.050000
LINE 1343: 2019-02-01 02:20:15,662 [DEBUG   ] findfont: Matching :family=sans-serif:style=normal:variant=normal:weight=normal:stretch=normal:size=14.0 to DejaVu Sans ('/home/felipe/anaconda3/lib/python3.6/site-packages/matplotlib/mpl-data/fonts/ttf/DejaVuSans.ttf') with score of 0.050000
LINE 1343: 2019-02-01 02:20:15,696 [DEBUG   ] findfont: Matching :family=sans-serif:style=normal:variant=normal:weight=normal:stretch=normal:size=14.0 to DejaVu Sans ('/home/felipe/anaconda3/lib/python3.6/site-packages/matplotlib/mpl-data/fonts/ttf/DejaVuSans.ttf') with score of 0.050000
LINE 1343: 2019-02-01 02:20:15,703 [DEBUG   ] findfont: Matching :family=sans-serif:style=normal:variant=normal:weight=normal:stretch=normal:size=10.0 to DejaVu Sans ('/home/felipe/anaconda3/lib/python3.6/site-packages/matplotlib/mpl-data/fonts/ttf/DejaVuSans.ttf') with score of 0.050000
LINE 1343: 2019-02-01 02:20:15,761 [DEBUG   ] findfont: Matching :family=sans-serif:style=normal:variant=normal:weight=normal:stretch=normal:size=14.0 to DejaVu Sans ('/home/felipe/anaconda3/lib/python3.6/site-packages/matplotlib/mpl-data/fonts/ttf/DejaVuSans.ttf') with score of 0.050000
LINE 1343: 2019-02-01 02:20:15,987 [DEBUG   ] findfont: Matching :family=sans-serif:style=normal:variant=normal:weight=bold:stretch=normal:size=16.0 to DejaVu Sans ('/home/felipe/anaconda3/lib/python3.6/site-packages/matplotlib/mpl-data/fonts/ttf/DejaVuSans-Bold.ttf') with score of 0.000000
LINE 1343: 2019-02-01 02:20:16,099 [DEBUG   ] findfont: Matching :family=sans-serif:style=normal:variant=normal:weight=bold:stretch=normal:size=16.0 to DejaVu Sans ('/home/felipe/anaconda3/lib/python3.6/site-packages/matplotlib/mpl-data/fonts/ttf/DejaVuSans-Bold.ttf') with score of 0.000000
LINE 1343: 2019-02-01 02:20:16,258 [DEBUG   ] findfont: Matching :family=sans-serif:style=normal:variant=normal:weight=bold:stretch=normal:size=16.0 to DejaVu Sans ('/home/felipe/anaconda3/lib/python3.6/site-packages/matplotlib/mpl-data/fonts/ttf/DejaVuSans-Bold.ttf') with score of 0.000000
LINE 511 : 2019-02-01 02:20:29,338 [INFO    ] Congratulations. GSEApy run successfully................

LINE 486 : 2019-02-01 02:20:29,365 [INFO    ] Parsing data files for GSEA.............................
LINE 208 : 2019-02-01 02:20:29,368 [DEBUG   ] Starting new HTTP connection (1): amp.pharm.mssm.edu
LINE 396 : 2019-02-01 02:20:29,564 [DEBUG   ] http://amp.pharm.mssm.edu:80 "GET /Enrichr/datasetStatistics HTTP/1.1" 200 None
LINE 164 : 2019-02-01 02:20:29,614 [INFO    ] Downloading and generating Enrichr library gene sets......
LINE 169 : 2019-02-01 02:20:29,615 [INFO    ] Enrichr library gene sets already downloaded, use local file
LINE 150 : 2019-02-01 02:20:29,615 [INFO    ] User Defined gene sets is given.......continue..........
LINE 136 : 2019-02-01 02:20:56,941 [INFO    ] 4236 gene_sets have been filtered out when max_size=500 and min_size=15
LINE 490 : 2019-02-01 02:20:56,941 [INFO    ] 0867 gene_sets used for further statistical testing.....
LINE 491 : 2019-02-01 02:20:56,941 [INFO    ] Start to run GSEA...Might take a while..................
LINE 457 : 2019-02-01 02:20:56,942 [DEBUG   ] Start to compute enrichment scores......................
LINE 481 : 2019-02-01 02:20:56,942 [DEBUG   ] Start to compute es and esnulls........................
LINE 565 : 2019-02-01 02:24:18,985 [DEBUG   ] Start to compute pvals..................................
LINE 587 : 2019-02-01 02:24:19,039 [DEBUG   ] Compute normalized enrichment score and normalized esnull
LINE 603 : 2019-02-01 02:24:19,058 [DEBUG   ] start to compute fdrs..................................
LINE 637 : 2019-02-01 02:24:19,188 [DEBUG   ] Statistical testing finished.............................
LINE 499 : 2019-02-01 02:24:19,191 [INFO    ] Start to generate gseapy reports, and produce figures...
LINE 1343: 2019-02-01 02:24:19,588 [DEBUG   ] findfont: Matching :family=sans-serif:style=normal:variant=normal:weight=normal:stretch=normal:size=10.0 to DejaVu Sans ('/home/felipe/anaconda3/lib/python3.6/site-packages/matplotlib/mpl-data/fonts/ttf/DejaVuSans.ttf') with score of 0.050000
LINE 1343: 2019-02-01 02:24:19,619 [DEBUG   ] findfont: Matching :family=sans-serif:style=normal:variant=normal:weight=normal:stretch=normal:size=14.0 to DejaVu Sans ('/home/felipe/anaconda3/lib/python3.6/site-packages/matplotlib/mpl-data/fonts/ttf/DejaVuSans.ttf') with score of 0.050000
LINE 1343: 2019-02-01 02:24:19,646 [DEBUG   ] findfont: Matching :family=sans-serif:style=normal:variant=normal:weight=normal:stretch=normal:size=10.0 to DejaVu Sans ('/home/felipe/anaconda3/lib/python3.6/site-packages/matplotlib/mpl-data/fonts/ttf/DejaVuSans.ttf') with score of 0.050000
LINE 1343: 2019-02-01 02:24:19,658 [DEBUG   ] findfont: Matching :family=sans-serif:style=normal:variant=normal:weight=normal:stretch=normal:size=10.0 to DejaVu Sans ('/home/felipe/anaconda3/lib/python3.6/site-packages/matplotlib/mpl-data/fonts/ttf/DejaVuSans.ttf') with score of 0.050000
LINE 1343: 2019-02-01 02:24:19,692 [DEBUG   ] findfont: Matching :family=sans-serif:style=normal:variant=normal:weight=normal:stretch=normal:size=14.0 to DejaVu Sans ('/home/felipe/anaconda3/lib/python3.6/site-packages/matplotlib/mpl-data/fonts/ttf/DejaVuSans.ttf') with score of 0.050000
LINE 1343: 2019-02-01 02:24:19,716 [DEBUG   ] findfont: Matching :family=sans-serif:style=normal:variant=normal:weight=normal:stretch=normal:size=14.0 to DejaVu Sans ('/home/felipe/anaconda3/lib/python3.6/site-packages/matplotlib/mpl-data/fonts/ttf/DejaVuSans.ttf') with score of 0.050000
LINE 1343: 2019-02-01 02:24:19,844 [DEBUG   ] findfont: Matching :family=sans-serif:style=normal:variant=normal:weight=bold:stretch=normal:size=16.0 to DejaVu Sans ('/home/felipe/anaconda3/lib/python3.6/site-packages/matplotlib/mpl-data/fonts/ttf/DejaVuSans-Bold.ttf') with score of 0.000000
LINE 1343: 2019-02-01 02:24:19,883 [DEBUG   ] findfont: Matching :family=sans-serif:style=normal:variant=normal:weight=bold:stretch=normal:size=16.0 to DejaVu Sans ('/home/felipe/anaconda3/lib/python3.6/site-packages/matplotlib/mpl-data/fonts/ttf/DejaVuSans-Bold.ttf') with score of 0.000000
LINE 1343: 2019-02-01 02:24:20,007 [DEBUG   ] findfont: Matching :family=sans-serif:style=normal:variant=normal:weight=bold:stretch=normal:size=16.0 to DejaVu Sans ('/home/felipe/anaconda3/lib/python3.6/site-packages/matplotlib/mpl-data/fonts/ttf/DejaVuSans-Bold.ttf') with score of 0.000000
LINE 511 : 2019-02-01 02:24:29,889 [INFO    ] Congratulations. GSEApy run successfully................

LINE 486 : 2019-02-01 02:24:29,899 [INFO    ] Parsing data files for GSEA.............................
LINE 208 : 2019-02-01 02:24:29,902 [DEBUG   ] Starting new HTTP connection (1): amp.pharm.mssm.edu
LINE 396 : 2019-02-01 02:24:30,088 [DEBUG   ] http://amp.pharm.mssm.edu:80 "GET /Enrichr/datasetStatistics HTTP/1.1" 200 None
LINE 164 : 2019-02-01 02:24:30,137 [INFO    ] Downloading and generating Enrichr library gene sets......
LINE 169 : 2019-02-01 02:24:30,137 [INFO    ] Enrichr library gene sets already downloaded, use local file
LINE 150 : 2019-02-01 02:24:30,137 [INFO    ] User Defined gene sets is given.......continue..........
LINE 136 : 2019-02-01 02:24:46,336 [INFO    ] 4767 gene_sets have been filtered out when max_size=500 and min_size=15
LINE 490 : 2019-02-01 02:24:46,336 [INFO    ] 0336 gene_sets used for further statistical testing.....
LINE 491 : 2019-02-01 02:24:46,336 [INFO    ] Start to run GSEA...Might take a while..................
LINE 457 : 2019-02-01 02:24:46,337 [DEBUG   ] Start to compute enrichment scores......................
LINE 481 : 2019-02-01 02:24:46,337 [DEBUG   ] Start to compute es and esnulls........................
LINE 565 : 2019-02-01 02:25:38,906 [DEBUG   ] Start to compute pvals..................................
LINE 587 : 2019-02-01 02:25:38,930 [DEBUG   ] Compute normalized enrichment score and normalized esnull
LINE 603 : 2019-02-01 02:25:38,939 [DEBUG   ] start to compute fdrs..................................
LINE 637 : 2019-02-01 02:25:38,986 [DEBUG   ] Statistical testing finished.............................
LINE 499 : 2019-02-01 02:25:38,987 [INFO    ] Start to generate gseapy reports, and produce figures...
LINE 1343: 2019-02-01 02:25:39,333 [DEBUG   ] findfont: Matching :family=sans-serif:style=normal:variant=normal:weight=normal:stretch=normal:size=10.0 to DejaVu Sans ('/home/felipe/anaconda3/lib/python3.6/site-packages/matplotlib/mpl-data/fonts/ttf/DejaVuSans.ttf') with score of 0.050000
LINE 1343: 2019-02-01 02:25:39,354 [DEBUG   ] findfont: Matching :family=sans-serif:style=normal:variant=normal:weight=normal:stretch=normal:size=10.0 to DejaVu Sans ('/home/felipe/anaconda3/lib/python3.6/site-packages/matplotlib/mpl-data/fonts/ttf/DejaVuSans.ttf') with score of 0.050000
LINE 1343: 2019-02-01 02:25:39,358 [DEBUG   ] findfont: Matching :family=sans-serif:style=normal:variant=normal:weight=normal:stretch=normal:size=10.0 to DejaVu Sans ('/home/felipe/anaconda3/lib/python3.6/site-packages/matplotlib/mpl-data/fonts/ttf/DejaVuSans.ttf') with score of 0.050000
LINE 1343: 2019-02-01 02:25:39,362 [DEBUG   ] findfont: Matching :family=sans-serif:style=normal:variant=normal:weight=normal:stretch=normal:size=14.0 to DejaVu Sans ('/home/felipe/anaconda3/lib/python3.6/site-packages/matplotlib/mpl-data/fonts/ttf/DejaVuSans.ttf') with score of 0.050000
LINE 1343: 2019-02-01 02:25:39,397 [DEBUG   ] findfont: Matching :family=sans-serif:style=normal:variant=normal:weight=normal:stretch=normal:size=14.0 to DejaVu Sans ('/home/felipe/anaconda3/lib/python3.6/site-packages/matplotlib/mpl-data/fonts/ttf/DejaVuSans.ttf') with score of 0.050000
LINE 1343: 2019-02-01 02:25:39,400 [DEBUG   ] findfont: Matching :family=sans-serif:style=normal:variant=normal:weight=normal:stretch=normal:size=14.0 to DejaVu Sans ('/home/felipe/anaconda3/lib/python3.6/site-packages/matplotlib/mpl-data/fonts/ttf/DejaVuSans.ttf') with score of 0.050000
LINE 1343: 2019-02-01 02:25:39,542 [DEBUG   ] findfont: Matching :family=sans-serif:style=normal:variant=normal:weight=bold:stretch=normal:size=16.0 to DejaVu Sans ('/home/felipe/anaconda3/lib/python3.6/site-packages/matplotlib/mpl-data/fonts/ttf/DejaVuSans-Bold.ttf') with score of 0.000000
LINE 1343: 2019-02-01 02:25:39,695 [DEBUG   ] findfont: Matching :family=sans-serif:style=normal:variant=normal:weight=bold:stretch=normal:size=16.0 to DejaVu Sans ('/home/felipe/anaconda3/lib/python3.6/site-packages/matplotlib/mpl-data/fonts/ttf/DejaVuSans-Bold.ttf') with score of 0.000000
LINE 1343: 2019-02-01 02:25:39,785 [DEBUG   ] findfont: Matching :family=sans-serif:style=normal:variant=normal:weight=bold:stretch=normal:size=16.0 to DejaVu Sans ('/home/felipe/anaconda3/lib/python3.6/site-packages/matplotlib/mpl-data/fonts/ttf/DejaVuSans-Bold.ttf') with score of 0.000000
LINE 511 : 2019-02-01 02:25:50,272 [INFO    ] Congratulations. GSEApy run successfully................

LINE 486 : 2019-02-01 02:25:50,283 [INFO    ] Parsing data files for GSEA.............................
LINE 208 : 2019-02-01 02:25:50,285 [DEBUG   ] Starting new HTTP connection (1): amp.pharm.mssm.edu
LINE 396 : 2019-02-01 02:25:50,472 [DEBUG   ] http://amp.pharm.mssm.edu:80 "GET /Enrichr/datasetStatistics HTTP/1.1" 200 None
LINE 164 : 2019-02-01 02:25:50,517 [INFO    ] Downloading and generating Enrichr library gene sets......
LINE 169 : 2019-02-01 02:25:50,518 [INFO    ] Enrichr library gene sets already downloaded, use local file
LINE 150 : 2019-02-01 02:25:50,518 [INFO    ] User Defined gene sets is given.......continue..........
LINE 136 : 2019-02-01 02:26:17,600 [INFO    ] 4297 gene_sets have been filtered out when max_size=500 and min_size=15
LINE 490 : 2019-02-01 02:26:17,601 [INFO    ] 0806 gene_sets used for further statistical testing.....
LINE 491 : 2019-02-01 02:26:17,601 [INFO    ] Start to run GSEA...Might take a while..................
LINE 457 : 2019-02-01 02:26:17,601 [DEBUG   ] Start to compute enrichment scores......................
LINE 481 : 2019-02-01 02:26:17,602 [DEBUG   ] Start to compute es and esnulls........................
LINE 565 : 2019-02-01 02:29:21,617 [DEBUG   ] Start to compute pvals..................................
LINE 587 : 2019-02-01 02:29:21,685 [DEBUG   ] Compute normalized enrichment score and normalized esnull
LINE 603 : 2019-02-01 02:29:21,705 [DEBUG   ] start to compute fdrs..................................
LINE 637 : 2019-02-01 02:29:21,827 [DEBUG   ] Statistical testing finished.............................
LINE 499 : 2019-02-01 02:29:21,831 [INFO    ] Start to generate gseapy reports, and produce figures...
LINE 1343: 2019-02-01 02:29:22,313 [DEBUG   ] findfont: Matching :family=sans-serif:style=normal:variant=normal:weight=normal:stretch=normal:size=10.0 to DejaVu Sans ('/home/felipe/anaconda3/lib/python3.6/site-packages/matplotlib/mpl-data/fonts/ttf/DejaVuSans.ttf') with score of 0.050000
LINE 1343: 2019-02-01 02:29:22,324 [DEBUG   ] findfont: Matching :family=sans-serif:style=normal:variant=normal:weight=normal:stretch=normal:size=10.0 to DejaVu Sans ('/home/felipe/anaconda3/lib/python3.6/site-packages/matplotlib/mpl-data/fonts/ttf/DejaVuSans.ttf') with score of 0.050000
LINE 1343: 2019-02-01 02:29:22,340 [DEBUG   ] findfont: Matching :family=sans-serif:style=normal:variant=normal:weight=normal:stretch=normal:size=14.0 to DejaVu Sans ('/home/felipe/anaconda3/lib/python3.6/site-packages/matplotlib/mpl-data/fonts/ttf/DejaVuSans.ttf') with score of 0.050000
LINE 1343: 2019-02-01 02:29:22,344 [DEBUG   ] findfont: Matching :family=sans-serif:style=normal:variant=normal:weight=normal:stretch=normal:size=10.0 to DejaVu Sans ('/home/felipe/anaconda3/lib/python3.6/site-packages/matplotlib/mpl-data/fonts/ttf/DejaVuSans.ttf') with score of 0.050000
LINE 1343: 2019-02-01 02:29:22,367 [DEBUG   ] findfont: Matching :family=sans-serif:style=normal:variant=normal:weight=normal:stretch=normal:size=14.0 to DejaVu Sans ('/home/felipe/anaconda3/lib/python3.6/site-packages/matplotlib/mpl-data/fonts/ttf/DejaVuSans.ttf') with score of 0.050000
LINE 1343: 2019-02-01 02:29:22,386 [DEBUG   ] findfont: Matching :family=sans-serif:style=normal:variant=normal:weight=normal:stretch=normal:size=14.0 to DejaVu Sans ('/home/felipe/anaconda3/lib/python3.6/site-packages/matplotlib/mpl-data/fonts/ttf/DejaVuSans.ttf') with score of 0.050000
LINE 1343: 2019-02-01 02:29:22,503 [DEBUG   ] findfont: Matching :family=sans-serif:style=normal:variant=normal:weight=bold:stretch=normal:size=16.0 to DejaVu Sans ('/home/felipe/anaconda3/lib/python3.6/site-packages/matplotlib/mpl-data/fonts/ttf/DejaVuSans-Bold.ttf') with score of 0.000000
LINE 1343: 2019-02-01 02:29:22,721 [DEBUG   ] findfont: Matching :family=sans-serif:style=normal:variant=normal:weight=bold:stretch=normal:size=16.0 to DejaVu Sans ('/home/felipe/anaconda3/lib/python3.6/site-packages/matplotlib/mpl-data/fonts/ttf/DejaVuSans-Bold.ttf') with score of 0.000000
LINE 1343: 2019-02-01 02:29:22,742 [DEBUG   ] findfont: Matching :family=sans-serif:style=normal:variant=normal:weight=bold:stretch=normal:size=16.0 to DejaVu Sans ('/home/felipe/anaconda3/lib/python3.6/site-packages/matplotlib/mpl-data/fonts/ttf/DejaVuSans-Bold.ttf') with score of 0.000000
LINE 511 : 2019-02-01 02:29:34,673 [INFO    ] Congratulations. GSEApy run successfully................

LINE 486 : 2019-02-01 02:29:34,718 [INFO    ] Parsing data files for GSEA.............................
LINE 208 : 2019-02-01 02:29:34,724 [DEBUG   ] Starting new HTTP connection (1): amp.pharm.mssm.edu
LINE 396 : 2019-02-01 02:29:34,913 [DEBUG   ] http://amp.pharm.mssm.edu:80 "GET /Enrichr/datasetStatistics HTTP/1.1" 200 None
LINE 164 : 2019-02-01 02:29:34,963 [INFO    ] Downloading and generating Enrichr library gene sets......
LINE 169 : 2019-02-01 02:29:34,964 [INFO    ] Enrichr library gene sets already downloaded, use local file
LINE 150 : 2019-02-01 02:29:34,964 [INFO    ] User Defined gene sets is given.......continue..........
LINE 136 : 2019-02-01 02:29:49,212 [INFO    ] 4691 gene_sets have been filtered out when max_size=500 and min_size=15
LINE 490 : 2019-02-01 02:29:49,213 [INFO    ] 0412 gene_sets used for further statistical testing.....
LINE 491 : 2019-02-01 02:29:49,213 [INFO    ] Start to run GSEA...Might take a while..................
LINE 457 : 2019-02-01 02:29:49,213 [DEBUG   ] Start to compute enrichment scores......................
LINE 481 : 2019-02-01 02:29:49,213 [DEBUG   ] Start to compute es and esnulls........................
LINE 565 : 2019-02-01 02:30:52,728 [DEBUG   ] Start to compute pvals..................................
LINE 587 : 2019-02-01 02:30:52,759 [DEBUG   ] Compute normalized enrichment score and normalized esnull
LINE 603 : 2019-02-01 02:30:52,771 [DEBUG   ] start to compute fdrs..................................
LINE 637 : 2019-02-01 02:30:52,833 [DEBUG   ] Statistical testing finished.............................
LINE 499 : 2019-02-01 02:30:52,836 [INFO    ] Start to generate gseapy reports, and produce figures...
LINE 1343: 2019-02-01 02:30:53,226 [DEBUG   ] findfont: Matching :family=sans-serif:style=normal:variant=normal:weight=normal:stretch=normal:size=10.0 to DejaVu Sans ('/home/felipe/anaconda3/lib/python3.6/site-packages/matplotlib/mpl-data/fonts/ttf/DejaVuSans.ttf') with score of 0.050000
LINE 1343: 2019-02-01 02:30:53,254 [DEBUG   ] findfont: Matching :family=sans-serif:style=normal:variant=normal:weight=normal:stretch=normal:size=10.0 to DejaVu Sans ('/home/felipe/anaconda3/lib/python3.6/site-packages/matplotlib/mpl-data/fonts/ttf/DejaVuSans.ttf') with score of 0.050000
LINE 1343: 2019-02-01 02:30:53,255 [DEBUG   ] findfont: Matching :family=sans-serif:style=normal:variant=normal:weight=normal:stretch=normal:size=10.0 to DejaVu Sans ('/home/felipe/anaconda3/lib/python3.6/site-packages/matplotlib/mpl-data/fonts/ttf/DejaVuSans.ttf') with score of 0.050000
LINE 1343: 2019-02-01 02:30:53,276 [DEBUG   ] findfont: Matching :family=sans-serif:style=normal:variant=normal:weight=normal:stretch=normal:size=14.0 to DejaVu Sans ('/home/felipe/anaconda3/lib/python3.6/site-packages/matplotlib/mpl-data/fonts/ttf/DejaVuSans.ttf') with score of 0.050000
LINE 1343: 2019-02-01 02:30:53,307 [DEBUG   ] findfont: Matching :family=sans-serif:style=normal:variant=normal:weight=normal:stretch=normal:size=14.0 to DejaVu Sans ('/home/felipe/anaconda3/lib/python3.6/site-packages/matplotlib/mpl-data/fonts/ttf/DejaVuSans.ttf') with score of 0.050000
LINE 1343: 2019-02-01 02:30:53,310 [DEBUG   ] findfont: Matching :family=sans-serif:style=normal:variant=normal:weight=normal:stretch=normal:size=14.0 to DejaVu Sans ('/home/felipe/anaconda3/lib/python3.6/site-packages/matplotlib/mpl-data/fonts/ttf/DejaVuSans.ttf') with score of 0.050000
LINE 1343: 2019-02-01 02:30:53,701 [DEBUG   ] findfont: Matching :family=sans-serif:style=normal:variant=normal:weight=bold:stretch=normal:size=16.0 to DejaVu Sans ('/home/felipe/anaconda3/lib/python3.6/site-packages/matplotlib/mpl-data/fonts/ttf/DejaVuSans-Bold.ttf') with score of 0.000000
LINE 1343: 2019-02-01 02:30:53,837 [DEBUG   ] findfont: Matching :family=sans-serif:style=normal:variant=normal:weight=bold:stretch=normal:size=16.0 to DejaVu Sans ('/home/felipe/anaconda3/lib/python3.6/site-packages/matplotlib/mpl-data/fonts/ttf/DejaVuSans-Bold.ttf') with score of 0.000000
LINE 1343: 2019-02-01 02:30:53,848 [DEBUG   ] findfont: Matching :family=sans-serif:style=normal:variant=normal:weight=bold:stretch=normal:size=16.0 to DejaVu Sans ('/home/felipe/anaconda3/lib/python3.6/site-packages/matplotlib/mpl-data/fonts/ttf/DejaVuSans-Bold.ttf') with score of 0.000000
LINE 511 : 2019-02-01 02:31:06,032 [INFO    ] Congratulations. GSEApy run successfully................

LINE 486 : 2019-02-01 02:31:06,046 [INFO    ] Parsing data files for GSEA.............................
LINE 208 : 2019-02-01 02:31:06,049 [DEBUG   ] Starting new HTTP connection (1): amp.pharm.mssm.edu
LINE 396 : 2019-02-01 02:31:06,225 [DEBUG   ] http://amp.pharm.mssm.edu:80 "GET /Enrichr/datasetStatistics HTTP/1.1" 200 None
LINE 164 : 2019-02-01 02:31:06,268 [INFO    ] Downloading and generating Enrichr library gene sets......
LINE 169 : 2019-02-01 02:31:06,268 [INFO    ] Enrichr library gene sets already downloaded, use local file
LINE 150 : 2019-02-01 02:31:06,268 [INFO    ] User Defined gene sets is given.......continue..........
LINE 136 : 2019-02-01 02:31:23,577 [INFO    ] 4661 gene_sets have been filtered out when max_size=500 and min_size=15
LINE 490 : 2019-02-01 02:31:23,577 [INFO    ] 0442 gene_sets used for further statistical testing.....
LINE 491 : 2019-02-01 02:31:23,577 [INFO    ] Start to run GSEA...Might take a while..................
LINE 457 : 2019-02-01 02:31:23,578 [DEBUG   ] Start to compute enrichment scores......................
LINE 481 : 2019-02-01 02:31:23,578 [DEBUG   ] Start to compute es and esnulls........................
LINE 565 : 2019-02-01 02:32:42,211 [DEBUG   ] Start to compute pvals..................................
LINE 587 : 2019-02-01 02:32:42,280 [DEBUG   ] Compute normalized enrichment score and normalized esnull
LINE 603 : 2019-02-01 02:32:42,299 [DEBUG   ] start to compute fdrs..................................
LINE 637 : 2019-02-01 02:32:42,379 [DEBUG   ] Statistical testing finished.............................
LINE 499 : 2019-02-01 02:32:42,384 [INFO    ] Start to generate gseapy reports, and produce figures...
LINE 1343: 2019-02-01 02:32:43,318 [DEBUG   ] findfont: Matching :family=sans-serif:style=normal:variant=normal:weight=normal:stretch=normal:size=10.0 to DejaVu Sans ('/home/felipe/anaconda3/lib/python3.6/site-packages/matplotlib/mpl-data/fonts/ttf/DejaVuSans.ttf') with score of 0.050000
LINE 1343: 2019-02-01 02:32:43,348 [DEBUG   ] findfont: Matching :family=sans-serif:style=normal:variant=normal:weight=normal:stretch=normal:size=14.0 to DejaVu Sans ('/home/felipe/anaconda3/lib/python3.6/site-packages/matplotlib/mpl-data/fonts/ttf/DejaVuSans.ttf') with score of 0.050000
LINE 1343: 2019-02-01 02:32:43,497 [DEBUG   ] findfont: Matching :family=sans-serif:style=normal:variant=normal:weight=normal:stretch=normal:size=10.0 to DejaVu Sans ('/home/felipe/anaconda3/lib/python3.6/site-packages/matplotlib/mpl-data/fonts/ttf/DejaVuSans.ttf') with score of 0.050000
LINE 1343: 2019-02-01 02:32:43,512 [DEBUG   ] findfont: Matching :family=sans-serif:style=normal:variant=normal:weight=bold:stretch=normal:size=16.0 to DejaVu Sans ('/home/felipe/anaconda3/lib/python3.6/site-packages/matplotlib/mpl-data/fonts/ttf/DejaVuSans-Bold.ttf') with score of 0.000000
LINE 1343: 2019-02-01 02:32:43,523 [DEBUG   ] findfont: Matching :family=sans-serif:style=normal:variant=normal:weight=normal:stretch=normal:size=10.0 to DejaVu Sans ('/home/felipe/anaconda3/lib/python3.6/site-packages/matplotlib/mpl-data/fonts/ttf/DejaVuSans.ttf') with score of 0.050000
LINE 1343: 2019-02-01 02:32:43,540 [DEBUG   ] findfont: Matching :family=sans-serif:style=normal:variant=normal:weight=normal:stretch=normal:size=14.0 to DejaVu Sans ('/home/felipe/anaconda3/lib/python3.6/site-packages/matplotlib/mpl-data/fonts/ttf/DejaVuSans.ttf') with score of 0.050000
LINE 1343: 2019-02-01 02:32:43,566 [DEBUG   ] findfont: Matching :family=sans-serif:style=normal:variant=normal:weight=normal:stretch=normal:size=14.0 to DejaVu Sans ('/home/felipe/anaconda3/lib/python3.6/site-packages/matplotlib/mpl-data/fonts/ttf/DejaVuSans.ttf') with score of 0.050000
LINE 1343: 2019-02-01 02:32:43,880 [DEBUG   ] findfont: Matching :family=sans-serif:style=normal:variant=normal:weight=bold:stretch=normal:size=16.0 to DejaVu Sans ('/home/felipe/anaconda3/lib/python3.6/site-packages/matplotlib/mpl-data/fonts/ttf/DejaVuSans-Bold.ttf') with score of 0.000000
LINE 1343: 2019-02-01 02:32:43,880 [DEBUG   ] findfont: Matching :family=sans-serif:style=normal:variant=normal:weight=bold:stretch=normal:size=16.0 to DejaVu Sans ('/home/felipe/anaconda3/lib/python3.6/site-packages/matplotlib/mpl-data/fonts/ttf/DejaVuSans-Bold.ttf') with score of 0.000000
LINE 511 : 2019-02-01 02:32:57,342 [INFO    ] Congratulations. GSEApy run successfully................

LINE 486 : 2019-02-01 02:32:57,355 [INFO    ] Parsing data files for GSEA.............................
LINE 208 : 2019-02-01 02:32:57,357 [DEBUG   ] Starting new HTTP connection (1): amp.pharm.mssm.edu
LINE 396 : 2019-02-01 02:32:57,539 [DEBUG   ] http://amp.pharm.mssm.edu:80 "GET /Enrichr/datasetStatistics HTTP/1.1" 200 None
LINE 164 : 2019-02-01 02:32:57,581 [INFO    ] Downloading and generating Enrichr library gene sets......
LINE 169 : 2019-02-01 02:32:57,582 [INFO    ] Enrichr library gene sets already downloaded, use local file
LINE 150 : 2019-02-01 02:32:57,582 [INFO    ] User Defined gene sets is given.......continue..........
LINE 136 : 2019-02-01 02:33:51,256 [INFO    ] 4203 gene_sets have been filtered out when max_size=500 and min_size=15
LINE 490 : 2019-02-01 02:33:51,256 [INFO    ] 0900 gene_sets used for further statistical testing.....
LINE 491 : 2019-02-01 02:33:51,256 [INFO    ] Start to run GSEA...Might take a while..................
LINE 457 : 2019-02-01 02:33:51,257 [DEBUG   ] Start to compute enrichment scores......................
LINE 481 : 2019-02-01 02:33:51,257 [DEBUG   ] Start to compute es and esnulls........................
LINE 565 : 2019-02-01 02:38:48,966 [DEBUG   ] Start to compute pvals..................................
LINE 587 : 2019-02-01 02:38:49,024 [DEBUG   ] Compute normalized enrichment score and normalized esnull
LINE 603 : 2019-02-01 02:38:49,042 [DEBUG   ] start to compute fdrs..................................
LINE 637 : 2019-02-01 02:38:49,175 [DEBUG   ] Statistical testing finished.............................
LINE 499 : 2019-02-01 02:38:49,179 [INFO    ] Start to generate gseapy reports, and produce figures...
LINE 1343: 2019-02-01 02:38:49,595 [DEBUG   ] findfont: Matching :family=sans-serif:style=normal:variant=normal:weight=normal:stretch=normal:size=10.0 to DejaVu Sans ('/home/felipe/anaconda3/lib/python3.6/site-packages/matplotlib/mpl-data/fonts/ttf/DejaVuSans.ttf') with score of 0.050000
LINE 1343: 2019-02-01 02:38:49,642 [DEBUG   ] findfont: Matching :family=sans-serif:style=normal:variant=normal:weight=normal:stretch=normal:size=14.0 to DejaVu Sans ('/home/felipe/anaconda3/lib/python3.6/site-packages/matplotlib/mpl-data/fonts/ttf/DejaVuSans.ttf') with score of 0.050000
LINE 1343: 2019-02-01 02:38:49,678 [DEBUG   ] findfont: Matching :family=sans-serif:style=normal:variant=normal:weight=normal:stretch=normal:size=10.0 to DejaVu Sans ('/home/felipe/anaconda3/lib/python3.6/site-packages/matplotlib/mpl-data/fonts/ttf/DejaVuSans.ttf') with score of 0.050000
LINE 1343: 2019-02-01 02:38:49,680 [DEBUG   ] findfont: Matching :family=sans-serif:style=normal:variant=normal:weight=normal:stretch=normal:size=10.0 to DejaVu Sans ('/home/felipe/anaconda3/lib/python3.6/site-packages/matplotlib/mpl-data/fonts/ttf/DejaVuSans.ttf') with score of 0.050000
LINE 1343: 2019-02-01 02:38:49,736 [DEBUG   ] findfont: Matching :family=sans-serif:style=normal:variant=normal:weight=normal:stretch=normal:size=14.0 to DejaVu Sans ('/home/felipe/anaconda3/lib/python3.6/site-packages/matplotlib/mpl-data/fonts/ttf/DejaVuSans.ttf') with score of 0.050000
LINE 1343: 2019-02-01 02:38:49,737 [DEBUG   ] findfont: Matching :family=sans-serif:style=normal:variant=normal:weight=normal:stretch=normal:size=14.0 to DejaVu Sans ('/home/felipe/anaconda3/lib/python3.6/site-packages/matplotlib/mpl-data/fonts/ttf/DejaVuSans.ttf') with score of 0.050000
LINE 1343: 2019-02-01 02:38:49,842 [DEBUG   ] findfont: Matching :family=sans-serif:style=normal:variant=normal:weight=bold:stretch=normal:size=16.0 to DejaVu Sans ('/home/felipe/anaconda3/lib/python3.6/site-packages/matplotlib/mpl-data/fonts/ttf/DejaVuSans-Bold.ttf') with score of 0.000000
LINE 1343: 2019-02-01 02:38:49,976 [DEBUG   ] findfont: Matching :family=sans-serif:style=normal:variant=normal:weight=bold:stretch=normal:size=16.0 to DejaVu Sans ('/home/felipe/anaconda3/lib/python3.6/site-packages/matplotlib/mpl-data/fonts/ttf/DejaVuSans-Bold.ttf') with score of 0.000000
LINE 1343: 2019-02-01 02:38:49,993 [DEBUG   ] findfont: Matching :family=sans-serif:style=normal:variant=normal:weight=bold:stretch=normal:size=16.0 to DejaVu Sans ('/home/felipe/anaconda3/lib/python3.6/site-packages/matplotlib/mpl-data/fonts/ttf/DejaVuSans-Bold.ttf') with score of 0.000000
LINE 511 : 2019-02-01 02:39:00,593 [INFO    ] Congratulations. GSEApy run successfully................

LINE 486 : 2019-02-01 02:39:00,604 [INFO    ] Parsing data files for GSEA.............................
LINE 208 : 2019-02-01 02:39:00,606 [DEBUG   ] Starting new HTTP connection (1): amp.pharm.mssm.edu
LINE 396 : 2019-02-01 02:39:00,812 [DEBUG   ] http://amp.pharm.mssm.edu:80 "GET /Enrichr/datasetStatistics HTTP/1.1" 200 None
LINE 164 : 2019-02-01 02:39:00,862 [INFO    ] Downloading and generating Enrichr library gene sets......
LINE 169 : 2019-02-01 02:39:00,862 [INFO    ] Enrichr library gene sets already downloaded, use local file
LINE 150 : 2019-02-01 02:39:00,862 [INFO    ] User Defined gene sets is given.......continue..........
LINE 136 : 2019-02-01 02:39:18,316 [INFO    ] 4788 gene_sets have been filtered out when max_size=500 and min_size=15
LINE 490 : 2019-02-01 02:39:18,316 [INFO    ] 0315 gene_sets used for further statistical testing.....
LINE 491 : 2019-02-01 02:39:18,316 [INFO    ] Start to run GSEA...Might take a while..................
LINE 457 : 2019-02-01 02:39:18,316 [DEBUG   ] Start to compute enrichment scores......................
LINE 481 : 2019-02-01 02:39:18,317 [DEBUG   ] Start to compute es and esnulls........................
LINE 565 : 2019-02-01 02:40:03,373 [DEBUG   ] Start to compute pvals..................................
LINE 587 : 2019-02-01 02:40:03,398 [DEBUG   ] Compute normalized enrichment score and normalized esnull
LINE 603 : 2019-02-01 02:40:03,406 [DEBUG   ] start to compute fdrs..................................
LINE 637 : 2019-02-01 02:40:03,455 [DEBUG   ] Statistical testing finished.............................
LINE 499 : 2019-02-01 02:40:03,457 [INFO    ] Start to generate gseapy reports, and produce figures...
LINE 1343: 2019-02-01 02:40:03,857 [DEBUG   ] findfont: Matching :family=sans-serif:style=normal:variant=normal:weight=normal:stretch=normal:size=10.0 to DejaVu Sans ('/home/felipe/anaconda3/lib/python3.6/site-packages/matplotlib/mpl-data/fonts/ttf/DejaVuSans.ttf') with score of 0.050000
LINE 1343: 2019-02-01 02:40:03,889 [DEBUG   ] findfont: Matching :family=sans-serif:style=normal:variant=normal:weight=normal:stretch=normal:size=14.0 to DejaVu Sans ('/home/felipe/anaconda3/lib/python3.6/site-packages/matplotlib/mpl-data/fonts/ttf/DejaVuSans.ttf') with score of 0.050000
LINE 1343: 2019-02-01 02:40:03,903 [DEBUG   ] findfont: Matching :family=sans-serif:style=normal:variant=normal:weight=normal:stretch=normal:size=10.0 to DejaVu Sans ('/home/felipe/anaconda3/lib/python3.6/site-packages/matplotlib/mpl-data/fonts/ttf/DejaVuSans.ttf') with score of 0.050000
LINE 1343: 2019-02-01 02:40:03,924 [DEBUG   ] findfont: Matching :family=sans-serif:style=normal:variant=normal:weight=normal:stretch=normal:size=10.0 to DejaVu Sans ('/home/felipe/anaconda3/lib/python3.6/site-packages/matplotlib/mpl-data/fonts/ttf/DejaVuSans.ttf') with score of 0.050000
LINE 1343: 2019-02-01 02:40:03,946 [DEBUG   ] findfont: Matching :family=sans-serif:style=normal:variant=normal:weight=normal:stretch=normal:size=14.0 to DejaVu Sans ('/home/felipe/anaconda3/lib/python3.6/site-packages/matplotlib/mpl-data/fonts/ttf/DejaVuSans.ttf') with score of 0.050000
LINE 1343: 2019-02-01 02:40:03,970 [DEBUG   ] findfont: Matching :family=sans-serif:style=normal:variant=normal:weight=normal:stretch=normal:size=14.0 to DejaVu Sans ('/home/felipe/anaconda3/lib/python3.6/site-packages/matplotlib/mpl-data/fonts/ttf/DejaVuSans.ttf') with score of 0.050000
LINE 1343: 2019-02-01 02:40:04,064 [DEBUG   ] findfont: Matching :family=sans-serif:style=normal:variant=normal:weight=bold:stretch=normal:size=16.0 to DejaVu Sans ('/home/felipe/anaconda3/lib/python3.6/site-packages/matplotlib/mpl-data/fonts/ttf/DejaVuSans-Bold.ttf') with score of 0.000000
LINE 1343: 2019-02-01 02:40:04,215 [DEBUG   ] findfont: Matching :family=sans-serif:style=normal:variant=normal:weight=bold:stretch=normal:size=16.0 to DejaVu Sans ('/home/felipe/anaconda3/lib/python3.6/site-packages/matplotlib/mpl-data/fonts/ttf/DejaVuSans-Bold.ttf') with score of 0.000000
LINE 1343: 2019-02-01 02:40:04,294 [DEBUG   ] findfont: Matching :family=sans-serif:style=normal:variant=normal:weight=bold:stretch=normal:size=16.0 to DejaVu Sans ('/home/felipe/anaconda3/lib/python3.6/site-packages/matplotlib/mpl-data/fonts/ttf/DejaVuSans-Bold.ttf') with score of 0.000000
LINE 511 : 2019-02-01 02:40:14,309 [INFO    ] Congratulations. GSEApy run successfully................

LINE 486 : 2019-02-01 02:40:14,323 [INFO    ] Parsing data files for GSEA.............................
LINE 208 : 2019-02-01 02:40:14,328 [DEBUG   ] Starting new HTTP connection (1): amp.pharm.mssm.edu
LINE 396 : 2019-02-01 02:40:14,514 [DEBUG   ] http://amp.pharm.mssm.edu:80 "GET /Enrichr/datasetStatistics HTTP/1.1" 200 None
LINE 164 : 2019-02-01 02:40:14,557 [INFO    ] Downloading and generating Enrichr library gene sets......
LINE 169 : 2019-02-01 02:40:14,557 [INFO    ] Enrichr library gene sets already downloaded, use local file
LINE 150 : 2019-02-01 02:40:14,557 [INFO    ] User Defined gene sets is given.......continue..........
LINE 136 : 2019-02-01 02:40:42,871 [INFO    ] 4419 gene_sets have been filtered out when max_size=500 and min_size=15
LINE 490 : 2019-02-01 02:40:42,871 [INFO    ] 0684 gene_sets used for further statistical testing.....
LINE 491 : 2019-02-01 02:40:42,872 [INFO    ] Start to run GSEA...Might take a while..................
LINE 457 : 2019-02-01 02:40:42,872 [DEBUG   ] Start to compute enrichment scores......................
LINE 481 : 2019-02-01 02:40:42,872 [DEBUG   ] Start to compute es and esnulls........................
LINE 565 : 2019-02-01 02:43:15,125 [DEBUG   ] Start to compute pvals..................................
LINE 587 : 2019-02-01 02:43:15,174 [DEBUG   ] Compute normalized enrichment score and normalized esnull
LINE 603 : 2019-02-01 02:43:15,189 [DEBUG   ] start to compute fdrs..................................
LINE 637 : 2019-02-01 02:43:15,288 [DEBUG   ] Statistical testing finished.............................
LINE 499 : 2019-02-01 02:43:15,290 [INFO    ] Start to generate gseapy reports, and produce figures...
LINE 1343: 2019-02-01 02:43:15,689 [DEBUG   ] findfont: Matching :family=sans-serif:style=normal:variant=normal:weight=normal:stretch=normal:size=10.0 to DejaVu Sans ('/home/felipe/anaconda3/lib/python3.6/site-packages/matplotlib/mpl-data/fonts/ttf/DejaVuSans.ttf') with score of 0.050000
LINE 1343: 2019-02-01 02:43:15,719 [DEBUG   ] findfont: Matching :family=sans-serif:style=normal:variant=normal:weight=normal:stretch=normal:size=14.0 to DejaVu Sans ('/home/felipe/anaconda3/lib/python3.6/site-packages/matplotlib/mpl-data/fonts/ttf/DejaVuSans.ttf') with score of 0.050000
LINE 1343: 2019-02-01 02:43:15,720 [DEBUG   ] findfont: Matching :family=sans-serif:style=normal:variant=normal:weight=normal:stretch=normal:size=10.0 to DejaVu Sans ('/home/felipe/anaconda3/lib/python3.6/site-packages/matplotlib/mpl-data/fonts/ttf/DejaVuSans.ttf') with score of 0.050000
LINE 1343: 2019-02-01 02:43:15,735 [DEBUG   ] findfont: Matching :family=sans-serif:style=normal:variant=normal:weight=normal:stretch=normal:size=10.0 to DejaVu Sans ('/home/felipe/anaconda3/lib/python3.6/site-packages/matplotlib/mpl-data/fonts/ttf/DejaVuSans.ttf') with score of 0.050000
LINE 1343: 2019-02-01 02:43:15,762 [DEBUG   ] findfont: Matching :family=sans-serif:style=normal:variant=normal:weight=normal:stretch=normal:size=14.0 to DejaVu Sans ('/home/felipe/anaconda3/lib/python3.6/site-packages/matplotlib/mpl-data/fonts/ttf/DejaVuSans.ttf') with score of 0.050000
LINE 1343: 2019-02-01 02:43:15,776 [DEBUG   ] findfont: Matching :family=sans-serif:style=normal:variant=normal:weight=normal:stretch=normal:size=14.0 to DejaVu Sans ('/home/felipe/anaconda3/lib/python3.6/site-packages/matplotlib/mpl-data/fonts/ttf/DejaVuSans.ttf') with score of 0.050000
LINE 1343: 2019-02-01 02:43:15,880 [DEBUG   ] findfont: Matching :family=sans-serif:style=normal:variant=normal:weight=bold:stretch=normal:size=16.0 to DejaVu Sans ('/home/felipe/anaconda3/lib/python3.6/site-packages/matplotlib/mpl-data/fonts/ttf/DejaVuSans-Bold.ttf') with score of 0.000000
LINE 1343: 2019-02-01 02:43:16,017 [DEBUG   ] findfont: Matching :family=sans-serif:style=normal:variant=normal:weight=bold:stretch=normal:size=16.0 to DejaVu Sans ('/home/felipe/anaconda3/lib/python3.6/site-packages/matplotlib/mpl-data/fonts/ttf/DejaVuSans-Bold.ttf') with score of 0.000000
LINE 1343: 2019-02-01 02:43:16,042 [DEBUG   ] findfont: Matching :family=sans-serif:style=normal:variant=normal:weight=bold:stretch=normal:size=16.0 to DejaVu Sans ('/home/felipe/anaconda3/lib/python3.6/site-packages/matplotlib/mpl-data/fonts/ttf/DejaVuSans-Bold.ttf') with score of 0.000000
LINE 511 : 2019-02-01 02:43:25,895 [INFO    ] Congratulations. GSEApy run successfully................

LINE 486 : 2019-02-01 02:43:25,903 [INFO    ] Parsing data files for GSEA.............................
LINE 208 : 2019-02-01 02:43:25,906 [DEBUG   ] Starting new HTTP connection (1): amp.pharm.mssm.edu
LINE 396 : 2019-02-01 02:43:26,096 [DEBUG   ] http://amp.pharm.mssm.edu:80 "GET /Enrichr/datasetStatistics HTTP/1.1" 200 None
LINE 164 : 2019-02-01 02:43:26,140 [INFO    ] Downloading and generating Enrichr library gene sets......
LINE 169 : 2019-02-01 02:43:26,141 [INFO    ] Enrichr library gene sets already downloaded, use local file
LINE 150 : 2019-02-01 02:43:26,141 [INFO    ] User Defined gene sets is given.......continue..........
LINE 136 : 2019-02-01 02:43:30,877 [INFO    ] 5030 gene_sets have been filtered out when max_size=500 and min_size=15
LINE 490 : 2019-02-01 02:43:30,877 [INFO    ] 0073 gene_sets used for further statistical testing.....
LINE 491 : 2019-02-01 02:43:30,877 [INFO    ] Start to run GSEA...Might take a while..................
LINE 457 : 2019-02-01 02:43:30,878 [DEBUG   ] Start to compute enrichment scores......................
LINE 481 : 2019-02-01 02:43:30,878 [DEBUG   ] Start to compute es and esnulls........................
LINE 565 : 2019-02-01 02:43:34,665 [DEBUG   ] Start to compute pvals..................................
LINE 587 : 2019-02-01 02:43:34,670 [DEBUG   ] Compute normalized enrichment score and normalized esnull
LINE 603 : 2019-02-01 02:43:34,673 [DEBUG   ] start to compute fdrs..................................
LINE 637 : 2019-02-01 02:43:34,683 [DEBUG   ] Statistical testing finished.............................
LINE 499 : 2019-02-01 02:43:34,684 [INFO    ] Start to generate gseapy reports, and produce figures...
LINE 1343: 2019-02-01 02:43:34,922 [DEBUG   ] findfont: Matching :family=sans-serif:style=normal:variant=normal:weight=normal:stretch=normal:size=10.0 to DejaVu Sans ('/home/felipe/anaconda3/lib/python3.6/site-packages/matplotlib/mpl-data/fonts/ttf/DejaVuSans.ttf') with score of 0.050000
LINE 1343: 2019-02-01 02:43:34,945 [DEBUG   ] findfont: Matching :family=sans-serif:style=normal:variant=normal:weight=normal:stretch=normal:size=10.0 to DejaVu Sans ('/home/felipe/anaconda3/lib/python3.6/site-packages/matplotlib/mpl-data/fonts/ttf/DejaVuSans.ttf') with score of 0.050000
LINE 1343: 2019-02-01 02:43:34,952 [DEBUG   ] findfont: Matching :family=sans-serif:style=normal:variant=normal:weight=normal:stretch=normal:size=14.0 to DejaVu Sans ('/home/felipe/anaconda3/lib/python3.6/site-packages/matplotlib/mpl-data/fonts/ttf/DejaVuSans.ttf') with score of 0.050000
LINE 1343: 2019-02-01 02:43:34,974 [DEBUG   ] findfont: Matching :family=sans-serif:style=normal:variant=normal:weight=normal:stretch=normal:size=10.0 to DejaVu Sans ('/home/felipe/anaconda3/lib/python3.6/site-packages/matplotlib/mpl-data/fonts/ttf/DejaVuSans.ttf') with score of 0.050000
LINE 1343: 2019-02-01 02:43:34,991 [DEBUG   ] findfont: Matching :family=sans-serif:style=normal:variant=normal:weight=normal:stretch=normal:size=14.0 to DejaVu Sans ('/home/felipe/anaconda3/lib/python3.6/site-packages/matplotlib/mpl-data/fonts/ttf/DejaVuSans.ttf') with score of 0.050000
LINE 1343: 2019-02-01 02:43:35,021 [DEBUG   ] findfont: Matching :family=sans-serif:style=normal:variant=normal:weight=normal:stretch=normal:size=14.0 to DejaVu Sans ('/home/felipe/anaconda3/lib/python3.6/site-packages/matplotlib/mpl-data/fonts/ttf/DejaVuSans.ttf') with score of 0.050000
LINE 1343: 2019-02-01 02:43:35,108 [DEBUG   ] findfont: Matching :family=sans-serif:style=normal:variant=normal:weight=bold:stretch=normal:size=16.0 to DejaVu Sans ('/home/felipe/anaconda3/lib/python3.6/site-packages/matplotlib/mpl-data/fonts/ttf/DejaVuSans-Bold.ttf') with score of 0.000000
LINE 1343: 2019-02-01 02:43:35,243 [DEBUG   ] findfont: Matching :family=sans-serif:style=normal:variant=normal:weight=bold:stretch=normal:size=16.0 to DejaVu Sans ('/home/felipe/anaconda3/lib/python3.6/site-packages/matplotlib/mpl-data/fonts/ttf/DejaVuSans-Bold.ttf') with score of 0.000000
LINE 1343: 2019-02-01 02:43:35,286 [DEBUG   ] findfont: Matching :family=sans-serif:style=normal:variant=normal:weight=bold:stretch=normal:size=16.0 to DejaVu Sans ('/home/felipe/anaconda3/lib/python3.6/site-packages/matplotlib/mpl-data/fonts/ttf/DejaVuSans-Bold.ttf') with score of 0.000000
LINE 511 : 2019-02-01 02:43:45,219 [INFO    ] Congratulations. GSEApy run successfully................

LINE 486 : 2019-02-01 02:43:45,245 [INFO    ] Parsing data files for GSEA.............................
LINE 208 : 2019-02-01 02:43:45,249 [DEBUG   ] Starting new HTTP connection (1): amp.pharm.mssm.edu
LINE 396 : 2019-02-01 02:43:45,431 [DEBUG   ] http://amp.pharm.mssm.edu:80 "GET /Enrichr/datasetStatistics HTTP/1.1" 200 None
LINE 164 : 2019-02-01 02:43:45,474 [INFO    ] Downloading and generating Enrichr library gene sets......
LINE 169 : 2019-02-01 02:43:45,474 [INFO    ] Enrichr library gene sets already downloaded, use local file
LINE 150 : 2019-02-01 02:43:45,475 [INFO    ] User Defined gene sets is given.......continue..........
LINE 136 : 2019-02-01 02:44:11,710 [INFO    ] 4420 gene_sets have been filtered out when max_size=500 and min_size=15
LINE 490 : 2019-02-01 02:44:11,710 [INFO    ] 0683 gene_sets used for further statistical testing.....
LINE 491 : 2019-02-01 02:44:11,710 [INFO    ] Start to run GSEA...Might take a while..................
LINE 457 : 2019-02-01 02:44:11,711 [DEBUG   ] Start to compute enrichment scores......................
LINE 481 : 2019-02-01 02:44:11,711 [DEBUG   ] Start to compute es and esnulls........................
LINE 565 : 2019-02-01 02:46:54,576 [DEBUG   ] Start to compute pvals..................................
LINE 587 : 2019-02-01 02:46:54,622 [DEBUG   ] Compute normalized enrichment score and normalized esnull
LINE 603 : 2019-02-01 02:46:54,637 [DEBUG   ] start to compute fdrs..................................
LINE 637 : 2019-02-01 02:46:54,733 [DEBUG   ] Statistical testing finished.............................
LINE 499 : 2019-02-01 02:46:54,735 [INFO    ] Start to generate gseapy reports, and produce figures...
LINE 1343: 2019-02-01 02:46:55,079 [DEBUG   ] findfont: Matching :family=sans-serif:style=normal:variant=normal:weight=normal:stretch=normal:size=10.0 to DejaVu Sans ('/home/felipe/anaconda3/lib/python3.6/site-packages/matplotlib/mpl-data/fonts/ttf/DejaVuSans.ttf') with score of 0.050000
LINE 1343: 2019-02-01 02:46:55,106 [DEBUG   ] findfont: Matching :family=sans-serif:style=normal:variant=normal:weight=normal:stretch=normal:size=14.0 to DejaVu Sans ('/home/felipe/anaconda3/lib/python3.6/site-packages/matplotlib/mpl-data/fonts/ttf/DejaVuSans.ttf') with score of 0.050000
LINE 1343: 2019-02-01 02:46:55,137 [DEBUG   ] findfont: Matching :family=sans-serif:style=normal:variant=normal:weight=normal:stretch=normal:size=10.0 to DejaVu Sans ('/home/felipe/anaconda3/lib/python3.6/site-packages/matplotlib/mpl-data/fonts/ttf/DejaVuSans.ttf') with score of 0.050000
LINE 1343: 2019-02-01 02:46:55,144 [DEBUG   ] findfont: Matching :family=sans-serif:style=normal:variant=normal:weight=normal:stretch=normal:size=10.0 to DejaVu Sans ('/home/felipe/anaconda3/lib/python3.6/site-packages/matplotlib/mpl-data/fonts/ttf/DejaVuSans.ttf') with score of 0.050000
LINE 1343: 2019-02-01 02:46:55,177 [DEBUG   ] findfont: Matching :family=sans-serif:style=normal:variant=normal:weight=normal:stretch=normal:size=14.0 to DejaVu Sans ('/home/felipe/anaconda3/lib/python3.6/site-packages/matplotlib/mpl-data/fonts/ttf/DejaVuSans.ttf') with score of 0.050000
LINE 1343: 2019-02-01 02:46:55,184 [DEBUG   ] findfont: Matching :family=sans-serif:style=normal:variant=normal:weight=normal:stretch=normal:size=14.0 to DejaVu Sans ('/home/felipe/anaconda3/lib/python3.6/site-packages/matplotlib/mpl-data/fonts/ttf/DejaVuSans.ttf') with score of 0.050000
LINE 1343: 2019-02-01 02:46:55,252 [DEBUG   ] findfont: Matching :family=sans-serif:style=normal:variant=normal:weight=bold:stretch=normal:size=16.0 to DejaVu Sans ('/home/felipe/anaconda3/lib/python3.6/site-packages/matplotlib/mpl-data/fonts/ttf/DejaVuSans-Bold.ttf') with score of 0.000000
LINE 1343: 2019-02-01 02:46:55,385 [DEBUG   ] findfont: Matching :family=sans-serif:style=normal:variant=normal:weight=bold:stretch=normal:size=16.0 to DejaVu Sans ('/home/felipe/anaconda3/lib/python3.6/site-packages/matplotlib/mpl-data/fonts/ttf/DejaVuSans-Bold.ttf') with score of 0.000000
LINE 1343: 2019-02-01 02:46:55,440 [DEBUG   ] findfont: Matching :family=sans-serif:style=normal:variant=normal:weight=bold:stretch=normal:size=16.0 to DejaVu Sans ('/home/felipe/anaconda3/lib/python3.6/site-packages/matplotlib/mpl-data/fonts/ttf/DejaVuSans-Bold.ttf') with score of 0.000000
LINE 511 : 2019-02-01 02:47:05,399 [INFO    ] Congratulations. GSEApy run successfully................

LINE 486 : 2019-02-01 02:47:05,409 [INFO    ] Parsing data files for GSEA.............................
LINE 208 : 2019-02-01 02:47:05,412 [DEBUG   ] Starting new HTTP connection (1): amp.pharm.mssm.edu
LINE 396 : 2019-02-01 02:47:05,587 [DEBUG   ] http://amp.pharm.mssm.edu:80 "GET /Enrichr/datasetStatistics HTTP/1.1" 200 None
LINE 164 : 2019-02-01 02:47:05,629 [INFO    ] Downloading and generating Enrichr library gene sets......
LINE 169 : 2019-02-01 02:47:05,629 [INFO    ] Enrichr library gene sets already downloaded, use local file
LINE 150 : 2019-02-01 02:47:05,629 [INFO    ] User Defined gene sets is given.......continue..........
LINE 136 : 2019-02-01 02:47:24,284 [INFO    ] 4536 gene_sets have been filtered out when max_size=500 and min_size=15
LINE 490 : 2019-02-01 02:47:24,284 [INFO    ] 0567 gene_sets used for further statistical testing.....
LINE 491 : 2019-02-01 02:47:24,284 [INFO    ] Start to run GSEA...Might take a while..................
LINE 457 : 2019-02-01 02:47:24,285 [DEBUG   ] Start to compute enrichment scores......................
LINE 481 : 2019-02-01 02:47:24,285 [DEBUG   ] Start to compute es and esnulls........................
LINE 565 : 2019-02-01 02:48:50,484 [DEBUG   ] Start to compute pvals..................................
LINE 587 : 2019-02-01 02:48:50,525 [DEBUG   ] Compute normalized enrichment score and normalized esnull
LINE 603 : 2019-02-01 02:48:50,537 [DEBUG   ] start to compute fdrs..................................
LINE 637 : 2019-02-01 02:48:50,617 [DEBUG   ] Statistical testing finished.............................
LINE 499 : 2019-02-01 02:48:50,620 [INFO    ] Start to generate gseapy reports, and produce figures...
LINE 1343: 2019-02-01 02:48:51,116 [DEBUG   ] findfont: Matching :family=sans-serif:style=normal:variant=normal:weight=normal:stretch=normal:size=10.0 to DejaVu Sans ('/home/felipe/anaconda3/lib/python3.6/site-packages/matplotlib/mpl-data/fonts/ttf/DejaVuSans.ttf') with score of 0.050000
LINE 1343: 2019-02-01 02:48:51,122 [DEBUG   ] findfont: Matching :family=sans-serif:style=normal:variant=normal:weight=normal:stretch=normal:size=10.0 to DejaVu Sans ('/home/felipe/anaconda3/lib/python3.6/site-packages/matplotlib/mpl-data/fonts/ttf/DejaVuSans.ttf') with score of 0.050000
LINE 1343: 2019-02-01 02:48:51,138 [DEBUG   ] findfont: Matching :family=sans-serif:style=normal:variant=normal:weight=normal:stretch=normal:size=10.0 to DejaVu Sans ('/home/felipe/anaconda3/lib/python3.6/site-packages/matplotlib/mpl-data/fonts/ttf/DejaVuSans.ttf') with score of 0.050000
LINE 1343: 2019-02-01 02:48:51,168 [DEBUG   ] findfont: Matching :family=sans-serif:style=normal:variant=normal:weight=normal:stretch=normal:size=14.0 to DejaVu Sans ('/home/felipe/anaconda3/lib/python3.6/site-packages/matplotlib/mpl-data/fonts/ttf/DejaVuSans.ttf') with score of 0.050000
LINE 1343: 2019-02-01 02:48:51,171 [DEBUG   ] findfont: Matching :family=sans-serif:style=normal:variant=normal:weight=normal:stretch=normal:size=14.0 to DejaVu Sans ('/home/felipe/anaconda3/lib/python3.6/site-packages/matplotlib/mpl-data/fonts/ttf/DejaVuSans.ttf') with score of 0.050000
LINE 1343: 2019-02-01 02:48:51,180 [DEBUG   ] findfont: Matching :family=sans-serif:style=normal:variant=normal:weight=normal:stretch=normal:size=14.0 to DejaVu Sans ('/home/felipe/anaconda3/lib/python3.6/site-packages/matplotlib/mpl-data/fonts/ttf/DejaVuSans.ttf') with score of 0.050000
LINE 1343: 2019-02-01 02:48:51,491 [DEBUG   ] findfont: Matching :family=sans-serif:style=normal:variant=normal:weight=bold:stretch=normal:size=16.0 to DejaVu Sans ('/home/felipe/anaconda3/lib/python3.6/site-packages/matplotlib/mpl-data/fonts/ttf/DejaVuSans-Bold.ttf') with score of 0.000000
LINE 1343: 2019-02-01 02:48:51,496 [DEBUG   ] findfont: Matching :family=sans-serif:style=normal:variant=normal:weight=bold:stretch=normal:size=16.0 to DejaVu Sans ('/home/felipe/anaconda3/lib/python3.6/site-packages/matplotlib/mpl-data/fonts/ttf/DejaVuSans-Bold.ttf') with score of 0.000000
LINE 1343: 2019-02-01 02:48:51,512 [DEBUG   ] findfont: Matching :family=sans-serif:style=normal:variant=normal:weight=bold:stretch=normal:size=16.0 to DejaVu Sans ('/home/felipe/anaconda3/lib/python3.6/site-packages/matplotlib/mpl-data/fonts/ttf/DejaVuSans-Bold.ttf') with score of 0.000000
LINE 511 : 2019-02-01 02:49:01,726 [INFO    ] Congratulations. GSEApy run successfully................

LINE 486 : 2019-02-01 02:49:01,737 [INFO    ] Parsing data files for GSEA.............................
LINE 208 : 2019-02-01 02:49:01,740 [DEBUG   ] Starting new HTTP connection (1): amp.pharm.mssm.edu
LINE 396 : 2019-02-01 02:49:01,924 [DEBUG   ] http://amp.pharm.mssm.edu:80 "GET /Enrichr/datasetStatistics HTTP/1.1" 200 None
LINE 164 : 2019-02-01 02:49:01,969 [INFO    ] Downloading and generating Enrichr library gene sets......
LINE 169 : 2019-02-01 02:49:01,969 [INFO    ] Enrichr library gene sets already downloaded, use local file
LINE 150 : 2019-02-01 02:49:01,969 [INFO    ] User Defined gene sets is given.......continue..........
LINE 136 : 2019-02-01 02:49:28,646 [INFO    ] 4315 gene_sets have been filtered out when max_size=500 and min_size=15
LINE 490 : 2019-02-01 02:49:28,646 [INFO    ] 0788 gene_sets used for further statistical testing.....
LINE 491 : 2019-02-01 02:49:28,646 [INFO    ] Start to run GSEA...Might take a while..................
LINE 457 : 2019-02-01 02:49:28,647 [DEBUG   ] Start to compute enrichment scores......................
LINE 481 : 2019-02-01 02:49:28,647 [DEBUG   ] Start to compute es and esnulls........................
LINE 565 : 2019-02-01 02:52:17,149 [DEBUG   ] Start to compute pvals..................................
LINE 587 : 2019-02-01 02:52:17,198 [DEBUG   ] Compute normalized enrichment score and normalized esnull
LINE 603 : 2019-02-01 02:52:17,215 [DEBUG   ] start to compute fdrs..................................
LINE 637 : 2019-02-01 02:52:17,328 [DEBUG   ] Statistical testing finished.............................
LINE 499 : 2019-02-01 02:52:17,331 [INFO    ] Start to generate gseapy reports, and produce figures...
LINE 1343: 2019-02-01 02:52:17,727 [DEBUG   ] findfont: Matching :family=sans-serif:style=normal:variant=normal:weight=normal:stretch=normal:size=10.0 to DejaVu Sans ('/home/felipe/anaconda3/lib/python3.6/site-packages/matplotlib/mpl-data/fonts/ttf/DejaVuSans.ttf') with score of 0.050000
LINE 1343: 2019-02-01 02:52:17,761 [DEBUG   ] findfont: Matching :family=sans-serif:style=normal:variant=normal:weight=normal:stretch=normal:size=14.0 to DejaVu Sans ('/home/felipe/anaconda3/lib/python3.6/site-packages/matplotlib/mpl-data/fonts/ttf/DejaVuSans.ttf') with score of 0.050000
LINE 1343: 2019-02-01 02:52:17,789 [DEBUG   ] findfont: Matching :family=sans-serif:style=normal:variant=normal:weight=normal:stretch=normal:size=10.0 to DejaVu Sans ('/home/felipe/anaconda3/lib/python3.6/site-packages/matplotlib/mpl-data/fonts/ttf/DejaVuSans.ttf') with score of 0.050000
LINE 1343: 2019-02-01 02:52:17,796 [DEBUG   ] findfont: Matching :family=sans-serif:style=normal:variant=normal:weight=normal:stretch=normal:size=10.0 to DejaVu Sans ('/home/felipe/anaconda3/lib/python3.6/site-packages/matplotlib/mpl-data/fonts/ttf/DejaVuSans.ttf') with score of 0.050000
LINE 1343: 2019-02-01 02:52:17,832 [DEBUG   ] findfont: Matching :family=sans-serif:style=normal:variant=normal:weight=normal:stretch=normal:size=14.0 to DejaVu Sans ('/home/felipe/anaconda3/lib/python3.6/site-packages/matplotlib/mpl-data/fonts/ttf/DejaVuSans.ttf') with score of 0.050000
LINE 1343: 2019-02-01 02:52:17,837 [DEBUG   ] findfont: Matching :family=sans-serif:style=normal:variant=normal:weight=normal:stretch=normal:size=14.0 to DejaVu Sans ('/home/felipe/anaconda3/lib/python3.6/site-packages/matplotlib/mpl-data/fonts/ttf/DejaVuSans.ttf') with score of 0.050000
LINE 1343: 2019-02-01 02:52:18,083 [DEBUG   ] findfont: Matching :family=sans-serif:style=normal:variant=normal:weight=bold:stretch=normal:size=16.0 to DejaVu Sans ('/home/felipe/anaconda3/lib/python3.6/site-packages/matplotlib/mpl-data/fonts/ttf/DejaVuSans-Bold.ttf') with score of 0.000000
LINE 1343: 2019-02-01 02:52:18,250 [DEBUG   ] findfont: Matching :family=sans-serif:style=normal:variant=normal:weight=bold:stretch=normal:size=16.0 to DejaVu Sans ('/home/felipe/anaconda3/lib/python3.6/site-packages/matplotlib/mpl-data/fonts/ttf/DejaVuSans-Bold.ttf') with score of 0.000000
LINE 1343: 2019-02-01 02:52:18,304 [DEBUG   ] findfont: Matching :family=sans-serif:style=normal:variant=normal:weight=bold:stretch=normal:size=16.0 to DejaVu Sans ('/home/felipe/anaconda3/lib/python3.6/site-packages/matplotlib/mpl-data/fonts/ttf/DejaVuSans-Bold.ttf') with score of 0.000000
LINE 511 : 2019-02-01 02:52:28,122 [INFO    ] Congratulations. GSEApy run successfully................

